This is pdfTeX, Version 3.14159265-2.6-1.40.16 (MiKTeX 2.9 64-bit) (preloaded format=pdflatex 2015.10.28)  9 JAN 2016 11:42
entering extended mode
**main.tex
(main.tex
LaTeX2e <2015/01/01> patch level 2
Babel <3.9m> and hyphenation patterns for 69 languages loaded.
(bioinfo.cls
Document Class: bioinfo 2003/02/08 0.1
("C:\Program Files\MiKTeX 2.9\tex\latex\base\inputenc.sty"
Package: inputenc 2015/03/17 v1.2c Input encoding file
\inpenc@prehook=\toks14
\inpenc@posthook=\toks15
) (crop.sty
Package: crop 2001/11/16 v1.6 cropmarks (mf)
\CROP@width=\dimen102
\CROP@height=\dimen103
\CROP@index=\count79

("C:\Program Files\MiKTeX 2.9\tex\latex\graphics\graphics.sty"
Package: graphics 2014/10/28 v1.0p Standard LaTeX Graphics (DPC,SPQR)

("C:\Program Files\MiKTeX 2.9\tex\latex\graphics\trig.sty"
Package: trig 1999/03/16 v1.09 sin cos tan (DPC)
)
("C:\Program Files\MiKTeX 2.9\tex\latex\00miktex\graphics.cfg"
File: graphics.cfg 2007/01/18 v1.5 graphics configuration of teTeX/TeXLive
)
Package graphics Info: Driver file: pdftex.def on input line 94.

("C:\Program Files\MiKTeX 2.9\tex\latex\pdftex-def\pdftex.def"
File: pdftex.def 2011/05/27 v0.06d Graphics/color for pdfTeX

("C:\Program Files\MiKTeX 2.9\tex\generic\oberdiek\infwarerr.sty"
Package: infwarerr 2010/04/08 v1.3 Providing info/warning/error messages (HO)
)
("C:\Program Files\MiKTeX 2.9\tex\generic\oberdiek\ltxcmds.sty"
Package: ltxcmds 2011/11/09 v1.22 LaTeX kernel commands for general use (HO)
)
\Gread@gobject=\count80
))
\CROP@offset=\count81
Package crop Info: Local config file crop.cfg used on input line 344.
 (crop.cfg))
Package crop Info: using pdf(la)tex graphics driver on input line 31.

(graphicx.sty
Package: graphicx 1999/02/16 v1.0f Enhanced LaTeX Graphics (DPC,SPQR)
 ("C:\Program Files\MiKTeX 2.9\tex\latex\graphics\keyval.sty"
Package: keyval 2014/10/28 v1.15 key=value parser (DPC)
\KV@toks@=\toks16
)
\Gin@req@height=\dimen104
\Gin@req@width=\dimen105
)
("C:\Program Files\MiKTeX 2.9\tex\latex\amsmath\amsmath.sty"
Package: amsmath 2013/01/14 v2.14 AMS math features
\@mathmargin=\skip41

For additional information on amsmath, use the `?' option.
("C:\Program Files\MiKTeX 2.9\tex\latex\amsmath\amstext.sty"
Package: amstext 2000/06/29 v2.01

("C:\Program Files\MiKTeX 2.9\tex\latex\amsmath\amsgen.sty"
File: amsgen.sty 1999/11/30 v2.0
\@emptytoks=\toks17
\ex@=\dimen106
))
("C:\Program Files\MiKTeX 2.9\tex\latex\amsmath\amsbsy.sty"
Package: amsbsy 1999/11/29 v1.2d
\pmbraise@=\dimen107
)
("C:\Program Files\MiKTeX 2.9\tex\latex\amsmath\amsopn.sty"
Package: amsopn 1999/12/14 v2.01 operator names
)
\inf@bad=\count82
LaTeX Info: Redefining \frac on input line 210.
\uproot@=\count83
\leftroot@=\count84
LaTeX Info: Redefining \overline on input line 306.
\classnum@=\count85
\DOTSCASE@=\count86
LaTeX Info: Redefining \ldots on input line 378.
LaTeX Info: Redefining \dots on input line 381.
LaTeX Info: Redefining \cdots on input line 466.
\Mathstrutbox@=\box26
\strutbox@=\box27
\big@size=\dimen108
LaTeX Font Info:    Redeclaring font encoding OML on input line 566.
LaTeX Font Info:    Redeclaring font encoding OMS on input line 567.
\macc@depth=\count87
\c@MaxMatrixCols=\count88
\dotsspace@=\muskip10
\c@parentequation=\count89
\dspbrk@lvl=\count90
\tag@help=\toks18
\row@=\count91
\column@=\count92
\maxfields@=\count93
\andhelp@=\toks19
\eqnshift@=\dimen109
\alignsep@=\dimen110
\tagshift@=\dimen111
\tagwidth@=\dimen112
\totwidth@=\dimen113
\lineht@=\dimen114
\@envbody=\toks20
\multlinegap=\skip42
\multlinetaggap=\skip43
\mathdisplay@stack=\toks21
LaTeX Info: Redefining \[ on input line 2665.
LaTeX Info: Redefining \] on input line 2666.
) (array.sty
Package: array 1998/05/13 v2.3m Tabular extension package (FMi)
\col@sep=\dimen115
\extrarowheight=\dimen116
\NC@list=\toks22
\extratabsurround=\skip44
\backup@length=\skip45
)
(color.sty
Package: color 1999/02/16 v1.0i Standard LaTeX Color (DPC)
 ("C:\Program Files\MiKTeX 2.9\tex\latex\00miktex\color.cfg"
File: color.cfg 2007/01/18 v1.5 color configuration of teTeX/TeXLive
)
Package color Info: Driver file: pdftex.def on input line 125.
)
("C:\Program Files\MiKTeX 2.9\tex\latex\amsfonts\amssymb.sty"
Package: amssymb 2013/01/14 v3.01 AMS font symbols

("C:\Program Files\MiKTeX 2.9\tex\latex\amsfonts\amsfonts.sty"
Package: amsfonts 2013/01/14 v3.01 Basic AMSFonts support
\symAMSa=\mathgroup4
\symAMSb=\mathgroup5
LaTeX Font Info:    Overwriting math alphabet `\mathfrak' in version `bold'
(Font)                  U/euf/m/n --> U/euf/b/n on input line 106.
)) (flushend.sty
Package: flushend 1997/10/01
\@aaa=\box28
\@ccc=\box29
\@viper=\box30
\hold@viper=\box31
\atColsBreak=\toks23
\@extra@skip=\dimen117
\@nd@page@rule=\dimen118
) (stfloats.sty
Package: stfloats 1999/10/22
\@dblbotnum=\count94
\c@dblbotnumber=\count95
) ("C:\Program Files\MiKTeX 2.9\tex\latex\amscls\amsthm.sty"
Package: amsthm 2015/03/04 v2.20.2
\thm@style=\toks24
\thm@bodyfont=\toks25
\thm@headfont=\toks26
\thm@notefont=\toks27
\thm@headpunct=\toks28
\thm@preskip=\skip46
\thm@postskip=\skip47
\thm@headsep=\skip48
\dth@everypar=\toks29
)
(chngpage.sty
Package: chngpage 2001/01/31 v1.1b change page layout
\c@cp@cnt=\count96
\c@cp@tempcnt=\count97
) ("C:\Program Files\MiKTeX 2.9\tex\latex\psnfss\times.sty"
Package: times 2005/04/12 PSNFSS-v9.2a (SPQR) 
)
("C:\Program Files\MiKTeX 2.9\tex\latex\base\fontenc.sty"
Package: fontenc 2005/09/27 v1.99g Standard LaTeX package

("C:\Program Files\MiKTeX 2.9\tex\latex\ly1\ly1enc.def"
File: ly1enc.def 2009/07/22 v0.7 TeX 'n ANSI encoding (DPC/KB)
)
LaTeX Font Info:    Try loading font information for LY1+ptm on input line 105.


("C:\Program Files\MiKTeX 2.9\tex\latex\ly1\ly1ptm.fd"
File: ly1ptm.fd 2001/02/01 font definitions for LY1/ptm using Berry names.
))
\c@section=\count98
\c@subsection=\count99
\c@subsubsection=\count100
\c@paragraph=\count101
\c@subparagraph=\count102
\c@figure=\count103
\c@table=\count104
\dropfromtop=\skip49
\extraspace=\skip50
\aboveskipchk=\skip51
\abovecaptionskip=\skip52
\belowcaptionskip=\skip53
\rotdimen=\dimen119
\tempdime=\dimen120
\temptbox=\box32
 (natbib.sty
Package: natbib 2000/07/24 7.0a (PWD)
\bibhang=\skip54
\bibsep=\skip55
LaTeX Info: Redefining \cite on input line 508.
\c@NAT@ctr=\count105
))
(main.aux)
LaTeX Font Info:    Checking defaults for OML/cmm/m/it on input line 7.
LaTeX Font Info:    ... okay on input line 7.
LaTeX Font Info:    Checking defaults for T1/cmr/m/n on input line 7.
LaTeX Font Info:    ... okay on input line 7.
LaTeX Font Info:    Checking defaults for OT1/cmr/m/n on input line 7.
LaTeX Font Info:    ... okay on input line 7.
LaTeX Font Info:    Checking defaults for OMS/cmsy/m/n on input line 7.
LaTeX Font Info:    ... okay on input line 7.
LaTeX Font Info:    Checking defaults for OMX/cmex/m/n on input line 7.
LaTeX Font Info:    ... okay on input line 7.
LaTeX Font Info:    Checking defaults for U/cmr/m/n on input line 7.
LaTeX Font Info:    ... okay on input line 7.
LaTeX Font Info:    Checking defaults for LY1/ptm/m/n on input line 7.
LaTeX Font Info:    ... okay on input line 7.
 ("C:\Program Files\MiKTeX 2.9\tex\context\base\supp-pdf.mkii"
[Loading MPS to PDF converter (version 2006.09.02).]
\scratchcounter=\count106
\scratchdimen=\dimen121
\scratchbox=\box33
\nofMPsegments=\count107
\nofMParguments=\count108
\everyMPshowfont=\toks30
\MPscratchCnt=\count109
\MPscratchDim=\dimen122
\MPnumerator=\count110
\makeMPintoPDFobject=\count111
\everyMPtoPDFconversion=\toks31
)
LaTeX Font Info:    Try loading font information for LY1+phv on input line 31.
 ("C:\Program Files\MiKTeX 2.9\tex\latex\ly1\ly1phv.fd"
File: ly1phv.fd 2001/02/01 scalable font definitions for LY1/phv using Berry na
mes.
)
<OUP_First_SBk_Bot_8401-eps-converted-to.pdf, id=1, 54.2025pt x 54.2025pt>
File: OUP_First_SBk_Bot_8401-eps-converted-to.pdf Graphic file (type pdf)

<use OUP_First_SBk_Bot_8401-eps-converted-to.pdf>
Package pdftex.def Info: OUP_First_SBk_Bot_8401-eps-converted-to.pdf used on in
put line 31.
(pdftex.def)             Requested size: 54.20236pt x 54.20236pt.
LaTeX Font Info:    Font shape `LY1/phv/bx/n' in size <8> not available
(Font)              Font shape `LY1/phv/b/n' tried instead on input line 31.
LaTeX Font Info:    Font shape `LY1/phv/bx/n' in size <18> not available
(Font)              Font shape `LY1/phv/b/n' tried instead on input line 31.
LaTeX Font Info:    Font shape `LY1/phv/bx/n' in size <12> not available
(Font)              Font shape `LY1/phv/b/n' tried instead on input line 31.
LaTeX Font Info:    Try loading font information for U+msa on input line 31.

("C:\Program Files\MiKTeX 2.9\tex\latex\amsfonts\umsa.fd"
File: umsa.fd 2013/01/14 v3.01 AMS symbols A
)
LaTeX Font Info:    Try loading font information for U+msb on input line 31.

("C:\Program Files\MiKTeX 2.9\tex\latex\amsfonts\umsb.fd"
File: umsb.fd 2013/01/14 v3.01 AMS symbols B
)
LaTeX Font Info:    Font shape `LY1/phv/bx/n' in size <9> not available
(Font)              Font shape `LY1/phv/b/n' tried instead on input line 31.
LaTeX Font Info:    Font shape `LY1/phv/bx/n' in size <7> not available
(Font)              Font shape `LY1/phv/b/n' tried instead on input line 31.


LaTeX Font Warning: Font shape `OT1/cmr/m/n' in size <6.5> not available
(Font)              size <6> substituted on input line 31.


LaTeX Font Warning: Font shape `OML/cmm/m/it' in size <6.5> not available
(Font)              size <6> substituted on input line 31.


LaTeX Font Warning: Font shape `OMS/cmsy/m/n' in size <6.5> not available
(Font)              size <6> substituted on input line 31.

LaTeX Font Info:    Calculating math sizes for size <8.5> on input line 31.

LaTeX Font Warning: Font shape `OT1/cmr/m/n' in size <8.5> not available
(Font)              size <8> substituted on input line 31.


LaTeX Font Warning: Font shape `OT1/cmr/m/n' in size <4.25> not available
(Font)              size <5> substituted on input line 31.


LaTeX Font Warning: Font shape `OML/cmm/m/it' in size <8.5> not available
(Font)              size <8> substituted on input line 31.


LaTeX Font Warning: Font shape `OML/cmm/m/it' in size <4.25> not available
(Font)              size <5> substituted on input line 31.


LaTeX Font Warning: Font shape `OMS/cmsy/m/n' in size <8.5> not available
(Font)              size <8> substituted on input line 31.


LaTeX Font Warning: Font shape `OMS/cmsy/m/n' in size <4.25> not available
(Font)              size <5> substituted on input line 31.

LaTeX Font Info:    Font shape `LY1/phv/bx/n' in size <10> not available
(Font)              Font shape `LY1/phv/b/n' tried instead on input line 31.
LaTeX Font Info:    Font shape `LY1/phv/m/it' in size <9> not available
(Font)              Font shape `LY1/phv/m/sl' tried instead on input line 31.

Overfull \hbox (11.74072pt too wide) in paragraph at lines 31--31
\LY1/phv/b/n/9 Supplementary infor-ma-tion: \LY1/phv/m/n/9 Sup-ple-men-tary dat
a are avai-la-ble at \LY1/phv/m/sl/9 https://github.com/derjedi/BioinformaticsI
-
 []


Underfull \hbox (badness 10000) detected at line 31
[]
 []

LaTeX Font Info:    Font shape `LY1/ptm/bx/n' in size <8> not available
(Font)              Font shape `LY1/ptm/b/n' tried instead on input line 50.

LaTeX Warning: Reference `fig:02' on page 1 undefined on input line 50.


LaTeX Warning: Reference `fig:02' on page 1 undefined on input line 61.


LaTeX Warning: Reference `fig:02' on page 1 undefined on input line 66.


LaTeX Warning: Reference `fig:02' on page 1 undefined on input line 71.


LaTeX Warning: Reference `fig:02' on page 1 undefined on input line 84.


LaTeX Warning: Reference `fig:02' on page 1 undefined on input line 89.


LaTeX Warning: Reference `fig:02' on page 1 undefined on input line 94.


LaTeX Warning: Reference `fig:02' on page 1 undefined on input line 99.


LaTeX Warning: Reference `fig:02' on page 1 undefined on input line 107.


LaTeX Warning: Reference `fig:02' on page 1 undefined on input line 112.


LaTeX Warning: Reference `fig:02' on page 1 undefined on input line 117.


LaTeX Warning: Reference `fig:02' on page 1 undefined on input line 122.


Overfull \hbox (1.12001pt too wide) has occurred while \output is active
 []
 []

[1{C:/Users/JonasTower/AppData/Local/MiKTeX/2.9/pdftex/config/pdftex.map}



 <./OUP_First_SBk_Bot_8401-eps-converted-to.pdf>]

LaTeX Warning: Reference `fig:02' on page 2 undefined on input line 131.


LaTeX Warning: Reference `fig:02' on page 2 undefined on input line 136.


LaTeX Warning: Reference `fig:02' on page 2 undefined on input line 141.


LaTeX Warning: Reference `fig:02' on page 2 undefined on input line 149.


LaTeX Warning: Reference `fig:02' on page 2 undefined on input line 154.


LaTeX Warning: Reference `fig:02' on page 2 undefined on input line 164.


LaTeX Warning: Reference `fig:02' on page 2 undefined on input line 169.


LaTeX Warning: Reference `fig:02' on page 2 undefined on input line 174.


LaTeX Warning: Reference `fig:02' on page 2 undefined on input line 179.


LaTeX Warning: Reference `fig:02' on page 2 undefined on input line 184.


LaTeX Warning: Reference `fig:02' on page 2 undefined on input line 189.


LaTeX Warning: Reference `fig:02' on page 2 undefined on input line 194.


LaTeX Warning: Reference `fig:02' on page 2 undefined on input line 205.


LaTeX Warning: Reference `fig:02' on page 2 undefined on input line 210.


LaTeX Warning: Reference `fig:02' on page 2 undefined on input line 215.


LaTeX Warning: Reference `fig:02' on page 2 undefined on input line 223.


LaTeX Warning: Reference `fig:02' on page 2 undefined on input line 228.


LaTeX Warning: Reference `fig:02' on page 2 undefined on input line 233.


LaTeX Warning: Reference `fig:02' on page 2 undefined on input line 241.


LaTeX Warning: Reference `fig:02' on page 2 undefined on input line 246.


LaTeX Warning: Reference `fig:02' on page 2 undefined on input line 251.


LaTeX Warning: Reference `fig:02' on page 2 undefined on input line 256.


LaTeX Warning: Reference `fig:02' on page 2 undefined on input line 261.


LaTeX Warning: Reference `fig:02' on page 2 undefined on input line 266.


LaTeX Warning: Reference `fig:02' on page 2 undefined on input line 271.


LaTeX Warning: Reference `fig:02' on page 2 undefined on input line 282.


LaTeX Warning: Reference `fig:02' on page 2 undefined on input line 287.


LaTeX Warning: Reference `fig:02' on page 2 undefined on input line 292.


Underfull \vbox (badness 10000) has occurred while \output is active []

LaTeX Font Info:    Font shape `LY1/phv/m/it' in size <8> not available
(Font)              Font shape `LY1/phv/m/sl' tried instead on input line 295.

Overfull \hbox (252.0pt too wide) has occurred while \output is active
[][] 
 []

[2]

LaTeX Warning: Reference `fig:02' on page 3 undefined on input line 300.


LaTeX Warning: Reference `fig:02' on page 3 undefined on input line 305.


LaTeX Warning: Reference `fig:02' on page 3 undefined on input line 310.


LaTeX Warning: Reference `fig:02' on page 3 undefined on input line 317.


LaTeX Warning: Reference `fig:02' on page 3 undefined on input line 322.


LaTeX Warning: Reference `fig:02' on page 3 undefined on input line 327.


LaTeX Warning: Reference `fig:02' on page 3 undefined on input line 333.


LaTeX Warning: Reference `fig:02' on page 3 undefined on input line 338.


LaTeX Warning: Reference `fig:02' on page 3 undefined on input line 343.


LaTeX Warning: Reference `fig:02' on page 3 undefined on input line 348.


LaTeX Warning: Reference `fig:02' on page 3 undefined on input line 357.


LaTeX Warning: Reference `fig:02' on page 3 undefined on input line 362.


LaTeX Warning: Reference `fig:02' on page 3 undefined on input line 367.

LaTeX Font Info:    Calculating math sizes for size <7.5> on input line 378.

LaTeX Font Warning: Font shape `OT1/cmr/m/n' in size <7.5> not available
(Font)              size <7> substituted on input line 378.


LaTeX Font Warning: Font shape `OT1/cmr/m/n' in size <3.75> not available
(Font)              size <5> substituted on input line 378.


LaTeX Font Warning: Font shape `OML/cmm/m/it' in size <7.5> not available
(Font)              size <7> substituted on input line 378.


LaTeX Font Warning: Font shape `OML/cmm/m/it' in size <3.75> not available
(Font)              size <5> substituted on input line 378.


LaTeX Font Warning: Font shape `OMS/cmsy/m/n' in size <7.5> not available
(Font)              size <7> substituted on input line 378.


LaTeX Font Warning: Font shape `OMS/cmsy/m/n' in size <3.75> not available
(Font)              size <5> substituted on input line 378.

LaTeX Font Info:    Try loading font information for LY1+phb on input line 378.

LaTeX Font Info:    No file LY1phb.fd. on input line 378.

LaTeX Font Warning: Font shape `LY1/phb/m/n' undefined
(Font)              using `LY1/ptm/m/n' instead on input line 378.


LaTeX Font Warning: Font shape `LY1/phb/bx/n' undefined
(Font)              using `LY1/phb/m/n' instead on input line 378.


Overfull \hbox (12.0pt too wide) in paragraph at lines 378--378
[]$[]$ 
 []


Overfull \hbox (1.0pt too wide) in paragraph at lines 386--388
[][][][][][][] 
 []

LaTeX Font Info:    Font shape `LY1/phv/bx/n' in size <6.5> not available
(Font)              Font shape `LY1/phv/b/n' tried instead on input line 388.

LaTeX Warning: Reference `fig:02' on page 3 undefined on input line 398.


LaTeX Warning: Reference `fig:02' on page 3 undefined on input line 403.


LaTeX Warning: Reference `fig:02' on page 3 undefined on input line 408.


LaTeX Warning: Reference `fig:02' on page 3 undefined on input line 417.


LaTeX Warning: Reference `fig:02' on page 3 undefined on input line 422.


LaTeX Warning: Reference `fig:02' on page 3 undefined on input line 427.


LaTeX Warning: Reference `fig:02' on page 3 undefined on input line 439.


LaTeX Warning: Reference `fig:02' on page 3 undefined on input line 444.


LaTeX Warning: Reference `fig:02' on page 3 undefined on input line 453.


LaTeX Warning: Reference `fig:02' on page 3 undefined on input line 455.


LaTeX Warning: Reference `fig:02' on page 3 undefined on input line 457.


LaTeX Warning: Reference `fig:02' on page 3 undefined on input line 484.


LaTeX Warning: Reference `fig:02' on page 3 undefined on input line 489.


LaTeX Warning: Reference `fig:02' on page 3 undefined on input line 494.


Overfull \hbox (252.0pt too wide) has occurred while \output is active
[][] 
 []

[3]

LaTeX Warning: Reference `fig:02' on page 4 undefined on input line 501.


LaTeX Warning: Reference `fig:02' on page 4 undefined on input line 513.


LaTeX Warning: Reference `fig:02' on page 4 undefined on input line 518.


Underfull \vbox (badness 10000) has occurred while \output is active []



LaTeX Warning: Reference `fig:02' on page 4 undefined on input line 527.

LaTeX Font Info:    Font shape `LY1/ptm/bx/n' in size <7> not available
(Font)              Font shape `LY1/ptm/b/n' tried instead on input line 554.

Underfull \vbox (badness 10000) has occurred while \output is active []

Extra height:28.98698pt when 281.36148pt

Underfull \vbox (badness 10000) has occurred while \output is active []

Extra height:28.98698pt when 282.36148pt

Underfull \vbox (badness 10000) has occurred while \output is active []

Extra height:28.98698pt when 283.36148pt

Underfull \vbox (badness 10000) has occurred while \output is active []

Extra height:28.98698pt when 284.36148pt

Underfull \vbox (badness 10000) has occurred while \output is active []

Extra height:28.98698pt when 285.36148pt

Underfull \vbox (badness 10000) has occurred while \output is active []

Extra height:28.98698pt when 286.36148pt

Underfull \vbox (badness 10000) has occurred while \output is active []

Extra height:28.98698pt when 287.36148pt

Underfull \vbox (badness 10000) has occurred while \output is active []

Extra height:28.98698pt when 288.36148pt

Underfull \vbox (badness 10000) has occurred while \output is active []

Extra height:0.0pt when 289.36148pt

Underfull \vbox (badness 10000) has occurred while \output is active []

(2)Left:289.36148pt Right:272.98698pt Output:289.36148pt
- LAST -
Extra skip:0.0pt
Left:289.36148pt
Right:272.98698pt
Output:289.36148pt

Underfull \vbox (badness 10000) has occurred while \output is active []


Overfull \hbox (252.0pt too wide) has occurred while \output is active
[][] 
 []

[4] (main.aux)

LaTeX Font Warning: Size substitutions with differences
(Font)              up to 1.25pt have occurred.


LaTeX Font Warning: Some font shapes were not available, defaults substituted.


LaTeX Warning: There were undefined references.

 ) 
Here is how much of TeX's memory you used:
 3322 strings out of 493673
 38740 string characters out of 3143944
 116672 words of memory out of 3000000
 6611 multiletter control sequences out of 15000+200000
 60727 words of font info for 108 fonts, out of 3000000 for 9000
 1029 hyphenation exceptions out of 8191
 35i,10n,28p,265b,352s stack positions out of 5000i,500n,10000p,200000b,50000s
{C:/Program Files/MiKTeX 2.9/fonts/enc/dvips/fontname/texnansi.enc}<C:/Progra
m Files/MiKTeX 2.9/fonts/type1/public/amsfonts/cmextra/cmbsy9.pfb><C:/Program F
iles/MiKTeX 2.9/fonts/type1/public/amsfonts/cmextra/cmex8.pfb><C:/Program Files
/MiKTeX 2.9/fonts/type1/public/amsfonts/cm/cmr8.pfb><C:/Program Files/MiKTeX 2.
9/fonts/type1/public/amsfonts/cm/cmsy6.pfb><C:/Program Files/MiKTeX 2.9/fonts/t
ype1/public/amsfonts/cm/cmsy7.pfb><C:/Program Files/MiKTeX 2.9/fonts/type1/urw/
helvetic/uhvb8a.pfb><C:/Program Files/MiKTeX 2.9/fonts/type1/urw/helvetic/uhvr8
a.pfb><C:/Program Files/MiKTeX 2.9/fonts/type1/urw/helvetic/uhvr8ac.pfb><C:/Pro
gram Files/MiKTeX 2.9/fonts/type1/urw/helvetic/uhvro8a.pfb><C:/Program Files/Mi
KTeX 2.9/fonts/type1/urw/helvetic/uhvro8ac.pfb><C:/Program Files/MiKTeX 2.9/fon
ts/type1/urw/times/utmb8a.pfb><C:/Program Files/MiKTeX 2.9/fonts/type1/urw/time
s/utmr8a.pfb><C:/Program Files/MiKTeX 2.9/fonts/type1/urw/times/utmri8a.pfb>
Output written on main.pdf (4 pages, 136654 bytes).
PDF statistics:
 73 PDF objects out of 1000 (max. 8388607)
 0 named destinations out of 1000 (max. 500000)
 6 words of extra memory for PDF output out of 10000 (max. 10000000)

